Venue 10x20
SeatHold Reserved 3x9
SeatHold Reserved 4x9 4x10 4x8 4x11
SeatHold Reserved 2x9 2x10 2x8 2x11 2x7
SeatHold Reserved 3x10 3x11 3x12 3x13
SeatHold Reserved 5x9 5x10 5x8 5x11 5x7 5x12 5x6 5x13 5x5 5x14 5x4 5x15 5x3 5x16 5x2
SeatHold Reserved 3x8 3x7 3x6 3x5 3x4 3x3
SeatHold Reserved 4x7 4x6
SeatHold Reserved 4x12 4x13
SeatHold Reserved 1x9 1x10 1x8 1x11 1x7
SeatHold Reserved 2x12
SeatHold Reserved 2x6 2x5 2x4
SeatHold Reserved 2x13 2x14 2x15
SeatHold Reserved 3x14
SeatHold Reserved 4x5 4x4
SeatHold Reserved 4x14 4x15
SeatHold Reserved 3x15 3x16
SeatHold Reserved 6x9 6x10 6x8
SeatHold Reserved 1x12 1x13
SeatHold Reserved 0x9 0x10 0x8 0x11
SeatHold Reserved 1x6 1x5 1x4 1x3 1x2
SeatHold Reserved 6x11 6x12 6x13 6x14 6x15
SeatHold Reserved 4x3 4x2 4x1 4x0
SeatHold Reserved 4x16 4x17 4x18 4x19
SeatHold Reserved 7x9 7x10 7x8 7x11 7x7 7x12
SeatHold Reserved 2x3 2x2
SeatHold Reserved 1x14 1x15 1x16 1x17 1x18 1x19
SeatHold Reserved 2x16 2x17
SeatHold Reserved 6x7 6x6 6x5 6x4 6x3 6x2
SeatHold Reserved 0x7 0x6 0x5 0x4 0x3 0x2
SeatHold Reserved 3x2 3x1 3x0
SeatHold Reserved 3x17 3x18 3x19
SeatHold Reserved 0x12 0x13 0x14 0x15 0x16 0x17
SeatHold Reserved 8x9 8x10 8x8 8x11 8x7 8x12
SeatHold Reserved 7x6 7x5 7x4 7x3 7x2 7x1
SeatHold Reserved 7x13 7x14 7x15 7x16 7x17 7x18
SeatHold Reserved 6x16 6x17 6x18 6x19
SeatHold Reserved 9x9 9x10 9x8 9x11
SeatHold Reserved 2x1
SeatHold Reserved 2x18 2x19
SeatHold Reserved 2x0
SeatHold Reserved 8x6 8x5 8x4 8x3
SeatHold Reserved 8x13 8x14 8x15 8x16
SeatHold Reserved 9x7 9x6 9x5 9x4
SeatHold Reserved 5x17 5x18
SeatHold Reserved 5x1
SeatHold Reserved 5x0
SeatHold Reserved 9x12 9x13 9x14 9x15 9x16
SeatHold Reserved 1x1 1x0
SeatHold Reserved 6x1 6x0
SeatHold Reserved 9x3 9x2 9x1 9x0
SeatHold Reserved 0x1 0x0
SeatHold Reserved 8x2 8x1 8x0
SeatHold Reserved 8x17 8x18 8x19
SeatHold Reserved 0x18 0x19
SeatHold Reserved 5x19
SeatHold Reserved 9x17 9x18
SeatHold Reserved 7x0
SeatHold Reserved 7x19
SeatHold Reserved 9x19


